<?xml version="1.0" encoding="UTF-8"?>
<!-- Generated by org.testng.reporters.JUnitXMLReporter -->
<testsuite ignored="0" hostname="DESKTOP-QQKQL13" failures="0" tests="4" name="Default test" time="4.825" errors="0" timestamp="2023-12-09T13:45:35 IST">
  <testcase classname="com.test.saucedemo.TestScript" name="loginTest" time="1.043"/>
  <testcase classname="com.test.saucedemo.TestScript" name="loginTest" time="0.357"/>
  <testcase classname="com.test.saucedemo.TestScript" name="loginTest" time="0.3"/>
  <testcase classname="com.test.saucedemo.TestScript" name="loginTest" time="0.253"/>
</testsuite> <!-- Default test -->
