<?xml version="1.0" encoding="UTF-8"?>
<!-- Generated by org.testng.reporters.JUnitXMLReporter -->
<testsuite ignored="0" hostname="DESKTOP-QQKQL13" failures="0" tests="4" name="SeleniumTestSauceDemo" time="6.585" errors="0" timestamp="2023-12-09T13:48:57 IST">
  <testcase classname="com.test.saucedemo.TestScript" name="loginTest" time="1.081"/>
  <testcase classname="com.test.saucedemo.TestScript" name="loginTest" time="0.34"/>
  <testcase classname="com.test.saucedemo.TestScript" name="loginTest" time="0.32"/>
  <testcase classname="com.test.saucedemo.TestScript" name="loginTest" time="0.246"/>
</testsuite> <!-- SeleniumTestSauceDemo -->
