<?xml version="1.0" encoding="UTF-8"?>
<testng-results ignored="0" total="4" passed="4" failed="0" skipped="0">
  <reporter-output>
  </reporter-output>
  <suite started-at="2023-12-09T13:45:30 IST" name="Default suite" finished-at="2023-12-09T13:45:35 IST" duration-ms="4825">
    <groups>
    </groups>
    <test started-at="2023-12-09T13:45:30 IST" name="Default test" finished-at="2023-12-09T13:45:35 IST" duration-ms="4825">
      <class name="com.test.saucedemo.TestScript">
        <test-method is-config="true" signature="setUp()[pri:0, instance:com.test.saucedemo.TestScript@54c5a2ff]" started-at="2023-12-09T13:45:30 IST" name="setUp" finished-at="2023-12-09T13:45:32 IST" duration-ms="1953" status="PASS">
          <reporter-output>
          </reporter-output>
        </test-method> <!-- setUp -->
        <test-method signature="loginTest(java.lang.String,java.lang.String,java.lang.String)[pri:0, instance:com.test.saucedemo.TestScript@54c5a2ff]" started-at="2023-12-09T13:45:33 IST" name="loginTest" data-provider="testData" finished-at="2023-12-09T13:45:34 IST" duration-ms="1043" status="PASS">
          <params>
            <param index="0">
              <value>
                <![CDATA[standard_user]]>
              </value>
            </param>
            <param index="1">
              <value>
                <![CDATA[secret_sauce]]>
              </value>
            </param>
            <param index="2">
              <value>
                <![CDATA[TRUE]]>
              </value>
            </param>
          </params>
          <reporter-output>
          </reporter-output>
        </test-method> <!-- loginTest -->
        <test-method signature="loginTest(java.lang.String,java.lang.String,java.lang.String)[pri:0, instance:com.test.saucedemo.TestScript@54c5a2ff]" started-at="2023-12-09T13:45:34 IST" name="loginTest" data-provider="testData" finished-at="2023-12-09T13:45:34 IST" duration-ms="357" status="PASS">
          <params>
            <param index="0">
              <value>
                <![CDATA[problem_user]]>
              </value>
            </param>
            <param index="1">
              <value>
                <![CDATA[secret_sauce]]>
              </value>
            </param>
            <param index="2">
              <value>
                <![CDATA[TRUE]]>
              </value>
            </param>
          </params>
          <reporter-output>
          </reporter-output>
        </test-method> <!-- loginTest -->
        <test-method signature="loginTest(java.lang.String,java.lang.String,java.lang.String)[pri:0, instance:com.test.saucedemo.TestScript@54c5a2ff]" started-at="2023-12-09T13:45:34 IST" name="loginTest" data-provider="testData" finished-at="2023-12-09T13:45:34 IST" duration-ms="300" status="PASS">
          <params>
            <param index="0">
              <value>
                <![CDATA[invalid_user]]>
              </value>
            </param>
            <param index="1">
              <value>
                <![CDATA[secret_sauce]]>
              </value>
            </param>
            <param index="2">
              <value>
                <![CDATA[FALSE]]>
              </value>
            </param>
          </params>
          <reporter-output>
          </reporter-output>
        </test-method> <!-- loginTest -->
        <test-method signature="loginTest(java.lang.String,java.lang.String,java.lang.String)[pri:0, instance:com.test.saucedemo.TestScript@54c5a2ff]" started-at="2023-12-09T13:45:34 IST" name="loginTest" data-provider="testData" finished-at="2023-12-09T13:45:35 IST" duration-ms="253" status="PASS">
          <params>
            <param index="0">
              <value>
                <![CDATA[standard_user]]>
              </value>
            </param>
            <param index="1">
              <value>
                <![CDATA[invalid_pwd]]>
              </value>
            </param>
            <param index="2">
              <value>
                <![CDATA[FALSE]]>
              </value>
            </param>
          </params>
          <reporter-output>
          </reporter-output>
        </test-method> <!-- loginTest -->
        <test-method is-config="true" signature="tearDown()[pri:0, instance:com.test.saucedemo.TestScript@54c5a2ff]" started-at="2023-12-09T13:45:35 IST" name="tearDown" finished-at="2023-12-09T13:45:35 IST" duration-ms="190" status="PASS">
          <reporter-output>
          </reporter-output>
        </test-method> <!-- tearDown -->
      </class> <!-- com.test.saucedemo.TestScript -->
    </test> <!-- Default test -->
  </suite> <!-- Default suite -->
</testng-results>
