<?xml version="1.0" encoding="UTF-8"?>
<testng-results ignored="0" total="4" passed="4" failed="0" skipped="0">
  <reporter-output>
  </reporter-output>
  <suite started-at="2023-12-09T13:48:51 IST" name="SeleniumSuite" finished-at="2023-12-09T13:48:57 IST" duration-ms="6585">
    <groups>
    </groups>
    <test started-at="2023-12-09T13:48:51 IST" name="SeleniumTestSauceDemo" finished-at="2023-12-09T13:48:57 IST" duration-ms="6585">
      <class name="com.test.saucedemo.TestScript">
        <test-method is-config="true" signature="setUp()[pri:0, instance:com.test.saucedemo.TestScript@5f058f00]" started-at="2023-12-09T13:48:51 IST" name="setUp" finished-at="2023-12-09T13:48:54 IST" duration-ms="3008" status="PASS">
          <reporter-output>
          </reporter-output>
        </test-method> <!-- setUp -->
        <test-method signature="loginTest(java.lang.String,java.lang.String,java.lang.String)[pri:0, instance:com.test.saucedemo.TestScript@5f058f00]" started-at="2023-12-09T13:48:55 IST" name="loginTest" data-provider="testData" finished-at="2023-12-09T13:48:56 IST" duration-ms="1081" status="PASS">
          <params>
            <param index="0">
              <value>
                <![CDATA[standard_user]]>
              </value>
            </param>
            <param index="1">
              <value>
                <![CDATA[secret_sauce]]>
              </value>
            </param>
            <param index="2">
              <value>
                <![CDATA[TRUE]]>
              </value>
            </param>
          </params>
          <reporter-output>
          </reporter-output>
        </test-method> <!-- loginTest -->
        <test-method signature="loginTest(java.lang.String,java.lang.String,java.lang.String)[pri:0, instance:com.test.saucedemo.TestScript@5f058f00]" started-at="2023-12-09T13:48:56 IST" name="loginTest" data-provider="testData" finished-at="2023-12-09T13:48:56 IST" duration-ms="340" status="PASS">
          <params>
            <param index="0">
              <value>
                <![CDATA[problem_user]]>
              </value>
            </param>
            <param index="1">
              <value>
                <![CDATA[secret_sauce]]>
              </value>
            </param>
            <param index="2">
              <value>
                <![CDATA[TRUE]]>
              </value>
            </param>
          </params>
          <reporter-output>
          </reporter-output>
        </test-method> <!-- loginTest -->
        <test-method signature="loginTest(java.lang.String,java.lang.String,java.lang.String)[pri:0, instance:com.test.saucedemo.TestScript@5f058f00]" started-at="2023-12-09T13:48:56 IST" name="loginTest" data-provider="testData" finished-at="2023-12-09T13:48:57 IST" duration-ms="320" status="PASS">
          <params>
            <param index="0">
              <value>
                <![CDATA[invalid_user]]>
              </value>
            </param>
            <param index="1">
              <value>
                <![CDATA[secret_sauce]]>
              </value>
            </param>
            <param index="2">
              <value>
                <![CDATA[FALSE]]>
              </value>
            </param>
          </params>
          <reporter-output>
          </reporter-output>
        </test-method> <!-- loginTest -->
        <test-method signature="loginTest(java.lang.String,java.lang.String,java.lang.String)[pri:0, instance:com.test.saucedemo.TestScript@5f058f00]" started-at="2023-12-09T13:48:57 IST" name="loginTest" data-provider="testData" finished-at="2023-12-09T13:48:57 IST" duration-ms="246" status="PASS">
          <params>
            <param index="0">
              <value>
                <![CDATA[standard_user]]>
              </value>
            </param>
            <param index="1">
              <value>
                <![CDATA[invalid_pwd]]>
              </value>
            </param>
            <param index="2">
              <value>
                <![CDATA[FALSE]]>
              </value>
            </param>
          </params>
          <reporter-output>
          </reporter-output>
        </test-method> <!-- loginTest -->
        <test-method is-config="true" signature="tearDown()[pri:0, instance:com.test.saucedemo.TestScript@5f058f00]" started-at="2023-12-09T13:48:57 IST" name="tearDown" finished-at="2023-12-09T13:48:57 IST" duration-ms="674" status="PASS">
          <reporter-output>
          </reporter-output>
        </test-method> <!-- tearDown -->
      </class> <!-- com.test.saucedemo.TestScript -->
    </test> <!-- SeleniumTestSauceDemo -->
  </suite> <!-- SeleniumSuite -->
</testng-results>
